test nn

init a_hs:
a send msg to b:
write message pattern: e
a_msg:
02b76a18350aa308c6b906b4e1d8360c26e034dc999654b4dd8f224912fc5fe52732303231303332323035323435392e696e6974

-----------


init b_hs:
b recv msg from a:
read message pattern: e
b_recv_a_msg:
32303231303332323035323435392e696e6974

-----------


b send msg to a:
write message pattern: e
write message pattern: ee
ecdh: b_e_priv.pem, b_re_pub.pem, 1C:77:91:A4:F5:FA:D8:DD:73:ED:A3:2A:BD:61:9E:12:AD:1A:06:BC:83:5E:CF:BA:C0:36:E4:EC:8E:52:14:CC
local_priv:
-----BEGIN EC PRIVATE KEY-----
MHcCAQEEIN0NSyYPk8vwgQK6jP77PqYxfjlSwEdt0+abcnDODzWNoAoGCCqGSM49
AwEHoUQDQgAEaCvK6VIvayMydQagLWSUOzy+QBplOpiIdXPjEd5lQj0h85hdLtyD
hLjhhlt4GcPu6r9oqYMTn48CF8yCUIAkuw==
-----END EC PRIVATE KEY-----

peer_pub:
-----BEGIN PUBLIC KEY-----
MFkwEwYHKoZIzj0CAQYIKoZIzj0DAQcDQgAEt2oYNQqjCMa5BrTh2DYMJuA03JmW
VLTdjyJJEvxf5SfNcinB8dzbdegax1VZQGchyQAUDKf9HCW2qYpfA39nFA==
-----END PUBLIC KEY-----

z:
1C:77:91:A4:F5:FA:D8:DD:73:ED:A3:2A:BD:61:9E:12:AD:1A:06:BC:83:5E:CF:BA:C0:36:E4:EC:8E:52:14:CC

noise encrypt:
key:
57fcb69da47e37298173e203efa967812ff8ff94c183832bfca3ed6c14cb1d48
iv:
ce487944afd8936d8af51b24
aad:
0341fa25272c415593dde8455ec09fa1cb2969cd4b78bd51ec589d68f21237e3
plaintext:
32303231303332323035323435392e72657370

ciphertext:
38df1c2b361730ab69d47cf60a97f74e0aedc0
authtag:
9bc120a3fd55561412d8e4a4b1feb464
cipherinfo:
9bc120a3fd55561412d8e4a4b1feb46438df1c2b361730ab69d47cf60a97f74e0aedc0
b_msg:
03682bcae9522f6b23327506a02d64943b3cbe401a653a98887573e311de65423d9bc120a3fd55561412d8e4a4b1feb46438df1c2b361730ab69d47cf60a97f74e0aedc0

-----------


a recv msg from b:
read message pattern: e
read message pattern: ee
ecdh: a_e_priv.pem, a_re_pub.pem, 1C:77:91:A4:F5:FA:D8:DD:73:ED:A3:2A:BD:61:9E:12:AD:1A:06:BC:83:5E:CF:BA:C0:36:E4:EC:8E:52:14:CC
local_priv:
-----BEGIN EC PRIVATE KEY-----
MHcCAQEEIJ4rFdEvdLWySuxZcpg0rX7ij0SVNwXGtVaBRW3gJmG5oAoGCCqGSM49
AwEHoUQDQgAEt2oYNQqjCMa5BrTh2DYMJuA03JmWVLTdjyJJEvxf5SfNcinB8dzb
degax1VZQGchyQAUDKf9HCW2qYpfA39nFA==
-----END EC PRIVATE KEY-----

peer_pub:
-----BEGIN PUBLIC KEY-----
MFkwEwYHKoZIzj0CAQYIKoZIzj0DAQcDQgAEaCvK6VIvayMydQagLWSUOzy+QBpl
OpiIdXPjEd5lQj0h85hdLtyDhLjhhlt4GcPu6r9oqYMTn48CF8yCUIAkuw==
-----END PUBLIC KEY-----

z:
1C:77:91:A4:F5:FA:D8:DD:73:ED:A3:2A:BD:61:9E:12:AD:1A:06:BC:83:5E:CF:BA:C0:36:E4:EC:8E:52:14:CC

noise decrypt:
key:
57fcb69da47e37298173e203efa967812ff8ff94c183832bfca3ed6c14cb1d48
iv:
ce487944afd8936d8af51b24
aad:
0341fa25272c415593dde8455ec09fa1cb2969cd4b78bd51ec589d68f21237e3
ciphertext:
38df1c2b361730ab69d47cf60a97f74e0aedc0
authtag:
9bc120a3fd55561412d8e4a4b1feb464
cipherinfo:
9bc120a3fd55561412d8e4a4b1feb46438df1c2b361730ab69d47cf60a97f74e0aedc0

plaintext:
32303231303332323035323435392e72657370
a_recv_b_msg:
32303231303332323035323435392e72657370

-----------


a send comm msg to b:

noise encrypt:
key:
fddbf3f27f9c990fb722ee58b3d593c080eb38b79e3497f62b9ca8a50d8251b9
iv:
42cfabd7cff25f4cc6cdcb23
aad:
5b5f465ce2b90a4cac61ec98bcd9e20f949715d6cf64537a40d939123e5e4402
plaintext:
66756a69616e207175616e7a686f75203636363636363636363636363636363636363636363636363636363636363636363636

ciphertext:
122850198254fd244509bba7d79622011d58b817e4241fb0e7a8bef21bd78f356cb85f1257e0b11d30a738eb57bcd743382a4d
authtag:
fa7591eb174bd24922fdf5c6c19cb174
cipherinfo:
fa7591eb174bd24922fdf5c6c19cb174122850198254fd244509bba7d79622011d58b817e4241fb0e7a8bef21bd78f356cb85f1257e0b11d30a738eb57bcd743382a4d

b recv comm msg from a:

noise decrypt:
key:
fddbf3f27f9c990fb722ee58b3d593c080eb38b79e3497f62b9ca8a50d8251b9
iv:
42cfabd7cff25f4cc6cdcb23
aad:
5b5f465ce2b90a4cac61ec98bcd9e20f949715d6cf64537a40d939123e5e4402
ciphertext:
122850198254fd244509bba7d79622011d58b817e4241fb0e7a8bef21bd78f356cb85f1257e0b11d30a738eb57bcd743382a4d
authtag:
fa7591eb174bd24922fdf5c6c19cb174
cipherinfo:
fa7591eb174bd24922fdf5c6c19cb174122850198254fd244509bba7d79622011d58b817e4241fb0e7a8bef21bd78f356cb85f1257e0b11d30a738eb57bcd743382a4d

plaintext:
66756a69616e207175616e7a686f75203636363636363636363636363636363636363636363636363636363636363636363636
fujian quanzhou 66666666666666666666666666666666666

-----------


b send comm msg to a:

noise encrypt:
key:
58ba434b6575769ab5a4a7bf546f06afdd1e2f367cba53902e24c8084ed99dd8
iv:
52d27bb8cacd2f83726ba9ad
aad:
5b5f465ce2b90a4cac61ec98bcd9e20f949715d6cf64537a40d939123e5e4402
plaintext:
616e687569206865666569203636363636363636363636363636363636363636363636363636363636363636363636

ciphertext:
0114a1698666d04cc6a8f049f68c7b0f924c634d46d8b4523739d2e808989bfcda7d1e8762aba801210a2fb4825bd2
authtag:
565d2495ed7e10d0869b89c8148527dc
cipherinfo:
565d2495ed7e10d0869b89c8148527dc0114a1698666d04cc6a8f049f68c7b0f924c634d46d8b4523739d2e808989bfcda7d1e8762aba801210a2fb4825bd2

a recv comm msg from b:

noise decrypt:
key:
58ba434b6575769ab5a4a7bf546f06afdd1e2f367cba53902e24c8084ed99dd8
iv:
52d27bb8cacd2f83726ba9ad
aad:
5b5f465ce2b90a4cac61ec98bcd9e20f949715d6cf64537a40d939123e5e4402
ciphertext:
0114a1698666d04cc6a8f049f68c7b0f924c634d46d8b4523739d2e808989bfcda7d1e8762aba801210a2fb4825bd2
authtag:
565d2495ed7e10d0869b89c8148527dc
cipherinfo:
565d2495ed7e10d0869b89c8148527dc0114a1698666d04cc6a8f049f68c7b0f924c634d46d8b4523739d2e808989bfcda7d1e8762aba801210a2fb4825bd2

plaintext:
616e687569206865666569203636363636363636363636363636363636363636363636363636363636363636363636
anhui hefei 66666666666666666666666666666666666

-----------

test nk

init a_hs:
a send msg to b:
write message pattern: e
write message pattern: es
ecdh: a_e_priv.pem, b_s_pub.pem, 20:FC:B2:85:30:C7:0C:2F:C5:89:5E:E6:2E:2D:B7:A6:14:94:B7:0A:BA:6D:E4:1E:94:18:82:46:CE:0A:44:66
local_priv:
-----BEGIN EC PRIVATE KEY-----
MHcCAQEEIO+RrPQsTjVUK4GEYr7iSoGOoJsDGxESevdGeMPa5/cAoAoGCCqGSM49
AwEHoUQDQgAECDHm+S68wLD1Q+93zG0X9eItCBReHO71ldmM0HZ9aDqgU1TUK6LW
/Maixj07gv+NS9vBmjz6mJu9VSOIHiSSwg==
-----END EC PRIVATE KEY-----

peer_pub:
-----BEGIN PUBLIC KEY-----
MFkwEwYHKoZIzj0CAQYIKoZIzj0DAQcDQgAES/j2WOIDnOYxo/KPeEGKAE3gYaPd
UOiJZhDDortMd8wSvzONxYPiBXBy8tfcEov0XXo8mQHzXL3i0o+VV8DlYQ==
-----END PUBLIC KEY-----

z:
20:FC:B2:85:30:C7:0C:2F:C5:89:5E:E6:2E:2D:B7:A6:14:94:B7:0A:BA:6D:E4:1E:94:18:82:46:CE:0A:44:66

noise encrypt:
key:
350a9cc98c8282499ebfa000f1facff8595f8c45ccc1189a5ed0c97238a8f239
iv:
a7396603596d2831ce618ecd
aad:
da044f4d81d06e3516beb7c9070d4640cc16d96ff6f5061fb4434920a9da9e91
plaintext:
32303231303332323035323435392e696e6974

ciphertext:
b07b0e9ee192b43f740f0b0e0195a48057cde4
authtag:
71565cd23fd84c06ac1ec24a84876e90
cipherinfo:
71565cd23fd84c06ac1ec24a84876e90b07b0e9ee192b43f740f0b0e0195a48057cde4
a_msg:
020831e6f92ebcc0b0f543ef77cc6d17f5e22d08145e1ceef595d98cd0767d683a71565cd23fd84c06ac1ec24a84876e90b07b0e9ee192b43f740f0b0e0195a48057cde4

-----------


init b_hs:
b recv msg from a:
read message pattern: e
read message pattern: es
ecdh: b_s_priv.pem, b_re_pub.pem, 20:FC:B2:85:30:C7:0C:2F:C5:89:5E:E6:2E:2D:B7:A6:14:94:B7:0A:BA:6D:E4:1E:94:18:82:46:CE:0A:44:66
local_priv:
-----BEGIN EC PRIVATE KEY-----
MHcCAQEEIPm6e/LhSw/HiIjjbKNNjg5HmP76DzSg8MhAN2Zd3R37oAoGCCqGSM49
AwEHoUQDQgAES/j2WOIDnOYxo/KPeEGKAE3gYaPdUOiJZhDDortMd8wSvzONxYPi
BXBy8tfcEov0XXo8mQHzXL3i0o+VV8DlYQ==
-----END EC PRIVATE KEY-----

peer_pub:
-----BEGIN PUBLIC KEY-----
MFkwEwYHKoZIzj0CAQYIKoZIzj0DAQcDQgAECDHm+S68wLD1Q+93zG0X9eItCBRe
HO71ldmM0HZ9aDqgU1TUK6LW/Maixj07gv+NS9vBmjz6mJu9VSOIHiSSwg==
-----END PUBLIC KEY-----

z:
20:FC:B2:85:30:C7:0C:2F:C5:89:5E:E6:2E:2D:B7:A6:14:94:B7:0A:BA:6D:E4:1E:94:18:82:46:CE:0A:44:66

noise decrypt:
key:
350a9cc98c8282499ebfa000f1facff8595f8c45ccc1189a5ed0c97238a8f239
iv:
a7396603596d2831ce618ecd
aad:
da044f4d81d06e3516beb7c9070d4640cc16d96ff6f5061fb4434920a9da9e91
ciphertext:
b07b0e9ee192b43f740f0b0e0195a48057cde4
authtag:
71565cd23fd84c06ac1ec24a84876e90
cipherinfo:
71565cd23fd84c06ac1ec24a84876e90b07b0e9ee192b43f740f0b0e0195a48057cde4

plaintext:
32303231303332323035323435392e696e6974
b_recv_a_msg:
32303231303332323035323435392e696e6974

-----------


b send msg to a:
write message pattern: e
write message pattern: ee
ecdh: b_e_priv.pem, b_re_pub.pem, 3D:5D:5C:C0:73:73:4A:D6:B0:33:94:DD:C1:AD:07:1C:70:73:D8:5C:C1:19:56:E1:E0:0E:B9:85:CA:B3:DA:26
local_priv:
-----BEGIN EC PRIVATE KEY-----
MHcCAQEEIIXPTaytTgKt19w/fSo0wqltBnMjbR8Tmtz2kxlYgOWuoAoGCCqGSM49
AwEHoUQDQgAEkQbRvyOixmVGHeHMBuaYWnLH+zUEBCvObxI6mot5x98aXNBMdpfu
Uy9nMb/Ho1qrUWhGAcsQvWAu6fBMHrmNxg==
-----END EC PRIVATE KEY-----

peer_pub:
-----BEGIN PUBLIC KEY-----
MFkwEwYHKoZIzj0CAQYIKoZIzj0DAQcDQgAECDHm+S68wLD1Q+93zG0X9eItCBRe
HO71ldmM0HZ9aDqgU1TUK6LW/Maixj07gv+NS9vBmjz6mJu9VSOIHiSSwg==
-----END PUBLIC KEY-----

z:
3D:5D:5C:C0:73:73:4A:D6:B0:33:94:DD:C1:AD:07:1C:70:73:D8:5C:C1:19:56:E1:E0:0E:B9:85:CA:B3:DA:26

noise encrypt:
key:
c9aa1132064f83127d8e0f9232ddbc2b2c30c11d6376d605bd1842bf4efce4a7
iv:
211643ca2c7f03eadd71fade
aad:
86cd96d23cc60c37a0c7ec588d600165c8280e1faba2d6701bf18790441ade3f
plaintext:
32303231303332323035323435392e72657370

ciphertext:
a78a108ba1a0cf61eaac302ee6420491cd8b64
authtag:
e3a355d6bd829b4b219451eca7e4317f
cipherinfo:
e3a355d6bd829b4b219451eca7e4317fa78a108ba1a0cf61eaac302ee6420491cd8b64
b_msg:
029106d1bf23a2c665461de1cc06e6985a72c7fb3504042bce6f123a9a8b79c7dfe3a355d6bd829b4b219451eca7e4317fa78a108ba1a0cf61eaac302ee6420491cd8b64

-----------


a recv msg from b:
read message pattern: e
read message pattern: ee
ecdh: a_e_priv.pem, a_re_pub.pem, 3D:5D:5C:C0:73:73:4A:D6:B0:33:94:DD:C1:AD:07:1C:70:73:D8:5C:C1:19:56:E1:E0:0E:B9:85:CA:B3:DA:26
local_priv:
-----BEGIN EC PRIVATE KEY-----
MHcCAQEEIO+RrPQsTjVUK4GEYr7iSoGOoJsDGxESevdGeMPa5/cAoAoGCCqGSM49
AwEHoUQDQgAECDHm+S68wLD1Q+93zG0X9eItCBReHO71ldmM0HZ9aDqgU1TUK6LW
/Maixj07gv+NS9vBmjz6mJu9VSOIHiSSwg==
-----END EC PRIVATE KEY-----

peer_pub:
-----BEGIN PUBLIC KEY-----
MFkwEwYHKoZIzj0CAQYIKoZIzj0DAQcDQgAEkQbRvyOixmVGHeHMBuaYWnLH+zUE
BCvObxI6mot5x98aXNBMdpfuUy9nMb/Ho1qrUWhGAcsQvWAu6fBMHrmNxg==
-----END PUBLIC KEY-----

z:
3D:5D:5C:C0:73:73:4A:D6:B0:33:94:DD:C1:AD:07:1C:70:73:D8:5C:C1:19:56:E1:E0:0E:B9:85:CA:B3:DA:26

noise decrypt:
key:
c9aa1132064f83127d8e0f9232ddbc2b2c30c11d6376d605bd1842bf4efce4a7
iv:
211643ca2c7f03eadd71fade
aad:
86cd96d23cc60c37a0c7ec588d600165c8280e1faba2d6701bf18790441ade3f
ciphertext:
a78a108ba1a0cf61eaac302ee6420491cd8b64
authtag:
e3a355d6bd829b4b219451eca7e4317f
cipherinfo:
e3a355d6bd829b4b219451eca7e4317fa78a108ba1a0cf61eaac302ee6420491cd8b64

plaintext:
32303231303332323035323435392e72657370
a_recv_b_msg:
32303231303332323035323435392e72657370

-----------


a send comm msg to b:

noise encrypt:
key:
7f9ec94d15df7a4e547e757d2674f63c2ffc9992da1d82a69a9403a8199635ec
iv:
abc73045f57b464bda1f6f6b
aad:
c3c38e0e33e7bd40291930f3bfe43a8f759eff62d1f00c2d4631c3d3a8681c91
plaintext:
66756a69616e207175616e7a686f75203636363636363636363636363636363636363636363636363636363636363636363636

ciphertext:
e4495114d28d15e6c8db37c32f8c195bb98a875233b873cae36162af6317734f3563366906b46d44bbe1f38c37f8f41b3a4f9c
authtag:
ee7c3bcbaef661f14c3b1b0269a5639b
cipherinfo:
ee7c3bcbaef661f14c3b1b0269a5639be4495114d28d15e6c8db37c32f8c195bb98a875233b873cae36162af6317734f3563366906b46d44bbe1f38c37f8f41b3a4f9c

b recv comm msg from a:

noise decrypt:
key:
7f9ec94d15df7a4e547e757d2674f63c2ffc9992da1d82a69a9403a8199635ec
iv:
abc73045f57b464bda1f6f6b
aad:
c3c38e0e33e7bd40291930f3bfe43a8f759eff62d1f00c2d4631c3d3a8681c91
ciphertext:
e4495114d28d15e6c8db37c32f8c195bb98a875233b873cae36162af6317734f3563366906b46d44bbe1f38c37f8f41b3a4f9c
authtag:
ee7c3bcbaef661f14c3b1b0269a5639b
cipherinfo:
ee7c3bcbaef661f14c3b1b0269a5639be4495114d28d15e6c8db37c32f8c195bb98a875233b873cae36162af6317734f3563366906b46d44bbe1f38c37f8f41b3a4f9c

plaintext:
66756a69616e207175616e7a686f75203636363636363636363636363636363636363636363636363636363636363636363636
fujian quanzhou 66666666666666666666666666666666666

-----------


b send comm msg to a:

noise encrypt:
key:
a7263c3308d4ac1b45bc89419b03aa2f72266399299e2cc5256032893f205887
iv:
e2d110a6b47a69c66bb238b8
aad:
c3c38e0e33e7bd40291930f3bfe43a8f759eff62d1f00c2d4631c3d3a8681c91
plaintext:
616e687569206865666569203636363636363636363636363636363636363636363636363636363636363636363636

ciphertext:
91b3de51796a9fbafd9fe9d97af3261d2d950e1e66271b1211bd59d10cc6bfe0608bc415ac9e846b3c280a0e4001ef
authtag:
0f895318e1bd9f0aa6fed455baf1bcb9
cipherinfo:
0f895318e1bd9f0aa6fed455baf1bcb991b3de51796a9fbafd9fe9d97af3261d2d950e1e66271b1211bd59d10cc6bfe0608bc415ac9e846b3c280a0e4001ef

a recv comm msg from b:

noise decrypt:
key:
a7263c3308d4ac1b45bc89419b03aa2f72266399299e2cc5256032893f205887
iv:
e2d110a6b47a69c66bb238b8
aad:
c3c38e0e33e7bd40291930f3bfe43a8f759eff62d1f00c2d4631c3d3a8681c91
ciphertext:
91b3de51796a9fbafd9fe9d97af3261d2d950e1e66271b1211bd59d10cc6bfe0608bc415ac9e846b3c280a0e4001ef
authtag:
0f895318e1bd9f0aa6fed455baf1bcb9
cipherinfo:
0f895318e1bd9f0aa6fed455baf1bcb991b3de51796a9fbafd9fe9d97af3261d2d950e1e66271b1211bd59d10cc6bfe0608bc415ac9e846b3c280a0e4001ef

plaintext:
616e687569206865666569203636363636363636363636363636363636363636363636363636363636363636363636
anhui hefei 66666666666666666666666666666666666

-----------

test kk

init a_hs:
a send msg to b:
write message pattern: e
write message pattern: es
ecdh: a_e_priv.pem, b_s_pub.pem, D6:06:BC:3E:44:73:FF:CA:51:EF:3E:B2:13:7E:04:AE:8B:94:71:AD:6E:50:AA:FF:EA:E8:DC:7F:BE:D8:E1:DE
local_priv:
-----BEGIN EC PRIVATE KEY-----
MHcCAQEEIHMsizDYAS7DHfOIY7+Ebq5/mSIhL02YcmQGDLNttf62oAoGCCqGSM49
AwEHoUQDQgAEqcT0GIop3XjRgsJcMXzMt/sRKKCj1eI0wb1LQiakzQ0llQvZav3S
7wBe5PAVZnhD/Cxu3wyACmUnw/fUn78kvw==
-----END EC PRIVATE KEY-----

peer_pub:
-----BEGIN PUBLIC KEY-----
MFkwEwYHKoZIzj0CAQYIKoZIzj0DAQcDQgAES/j2WOIDnOYxo/KPeEGKAE3gYaPd
UOiJZhDDortMd8wSvzONxYPiBXBy8tfcEov0XXo8mQHzXL3i0o+VV8DlYQ==
-----END PUBLIC KEY-----

z:
D6:06:BC:3E:44:73:FF:CA:51:EF:3E:B2:13:7E:04:AE:8B:94:71:AD:6E:50:AA:FF:EA:E8:DC:7F:BE:D8:E1:DE
write message pattern: ss
ecdh: a_s_priv.pem, b_s_pub.pem, 20:A5:30:C4:E5:D8:9F:CC:70:A0:24:4B:C0:8C:86:CA:64:A6:31:CE:7D:D7:52:DA:96:34:FB:9C:5D:AB:2E:CF
local_priv:
-----BEGIN EC PRIVATE KEY-----
MHcCAQEEIGwB4D0mackh0XL0nn3bBGJac5Eie5m7CJedeqSIQFaqoAoGCCqGSM49
AwEHoUQDQgAEV54lzwxtl4K5ovYaVglFOJk68feZeLUzFXYX0qLq3yDXCCi6hAyg
EYbq/MI4n8HnJuVf0Uv2wbq2f38nAzchnw==
-----END EC PRIVATE KEY-----

peer_pub:
-----BEGIN PUBLIC KEY-----
MFkwEwYHKoZIzj0CAQYIKoZIzj0DAQcDQgAES/j2WOIDnOYxo/KPeEGKAE3gYaPd
UOiJZhDDortMd8wSvzONxYPiBXBy8tfcEov0XXo8mQHzXL3i0o+VV8DlYQ==
-----END PUBLIC KEY-----

z:
20:A5:30:C4:E5:D8:9F:CC:70:A0:24:4B:C0:8C:86:CA:64:A6:31:CE:7D:D7:52:DA:96:34:FB:9C:5D:AB:2E:CF

noise encrypt:
key:
d50cfb5bc06a4d944c67c116d8c99e8901d87baa58f3d516b1d43bb810ba765e
iv:
ca0c8ab8b4332bec0f987c0b
aad:
22731b2c8c766de105b714e593a234d0e9b83b9f5f14356eb7e6975c2134cf78
plaintext:
32303231303332323035323435392e696e6974

ciphertext:
6b77e554bb94cb1c0111a70971ec411581609e
authtag:
a853bba2dcb3ddf72ce84af3fdf96428
cipherinfo:
a853bba2dcb3ddf72ce84af3fdf964286b77e554bb94cb1c0111a70971ec411581609e
a_msg:
03a9c4f4188a29dd78d182c25c317cccb7fb1128a0a3d5e234c1bd4b4226a4cd0da853bba2dcb3ddf72ce84af3fdf964286b77e554bb94cb1c0111a70971ec411581609e

-----------


init b_hs:
b recv msg from a:
read message pattern: e
read message pattern: es
ecdh: b_s_priv.pem, b_re_pub.pem, D6:06:BC:3E:44:73:FF:CA:51:EF:3E:B2:13:7E:04:AE:8B:94:71:AD:6E:50:AA:FF:EA:E8:DC:7F:BE:D8:E1:DE
local_priv:
-----BEGIN EC PRIVATE KEY-----
MHcCAQEEIPm6e/LhSw/HiIjjbKNNjg5HmP76DzSg8MhAN2Zd3R37oAoGCCqGSM49
AwEHoUQDQgAES/j2WOIDnOYxo/KPeEGKAE3gYaPdUOiJZhDDortMd8wSvzONxYPi
BXBy8tfcEov0XXo8mQHzXL3i0o+VV8DlYQ==
-----END EC PRIVATE KEY-----

peer_pub:
-----BEGIN PUBLIC KEY-----
MFkwEwYHKoZIzj0CAQYIKoZIzj0DAQcDQgAEqcT0GIop3XjRgsJcMXzMt/sRKKCj
1eI0wb1LQiakzQ0llQvZav3S7wBe5PAVZnhD/Cxu3wyACmUnw/fUn78kvw==
-----END PUBLIC KEY-----

z:
D6:06:BC:3E:44:73:FF:CA:51:EF:3E:B2:13:7E:04:AE:8B:94:71:AD:6E:50:AA:FF:EA:E8:DC:7F:BE:D8:E1:DE
read message pattern: ss
ecdh: b_s_priv.pem, a_s_pub.pem, 20:A5:30:C4:E5:D8:9F:CC:70:A0:24:4B:C0:8C:86:CA:64:A6:31:CE:7D:D7:52:DA:96:34:FB:9C:5D:AB:2E:CF
local_priv:
-----BEGIN EC PRIVATE KEY-----
MHcCAQEEIPm6e/LhSw/HiIjjbKNNjg5HmP76DzSg8MhAN2Zd3R37oAoGCCqGSM49
AwEHoUQDQgAES/j2WOIDnOYxo/KPeEGKAE3gYaPdUOiJZhDDortMd8wSvzONxYPi
BXBy8tfcEov0XXo8mQHzXL3i0o+VV8DlYQ==
-----END EC PRIVATE KEY-----

peer_pub:
-----BEGIN PUBLIC KEY-----
MFkwEwYHKoZIzj0CAQYIKoZIzj0DAQcDQgAEV54lzwxtl4K5ovYaVglFOJk68feZ
eLUzFXYX0qLq3yDXCCi6hAygEYbq/MI4n8HnJuVf0Uv2wbq2f38nAzchnw==
-----END PUBLIC KEY-----

z:
20:A5:30:C4:E5:D8:9F:CC:70:A0:24:4B:C0:8C:86:CA:64:A6:31:CE:7D:D7:52:DA:96:34:FB:9C:5D:AB:2E:CF

noise decrypt:
key:
d50cfb5bc06a4d944c67c116d8c99e8901d87baa58f3d516b1d43bb810ba765e
iv:
ca0c8ab8b4332bec0f987c0b
aad:
22731b2c8c766de105b714e593a234d0e9b83b9f5f14356eb7e6975c2134cf78
ciphertext:
6b77e554bb94cb1c0111a70971ec411581609e
authtag:
a853bba2dcb3ddf72ce84af3fdf96428
cipherinfo:
a853bba2dcb3ddf72ce84af3fdf964286b77e554bb94cb1c0111a70971ec411581609e

plaintext:
32303231303332323035323435392e696e6974
b_recv_a_msg:
32303231303332323035323435392e696e6974

-----------


b send msg to a:
write message pattern: e
write message pattern: ee
ecdh: b_e_priv.pem, b_re_pub.pem, 49:BD:C3:A8:40:88:67:18:C5:FF:21:D1:D1:13:83:B0:B2:7C:AE:39:96:B9:1D:21:D7:67:20:86:39:AA:DA:0E
local_priv:
-----BEGIN EC PRIVATE KEY-----
MHcCAQEEIC0ymNkObF7uBswOuAxaSSoWRgzbs1RnguEd83BfeXpOoAoGCCqGSM49
AwEHoUQDQgAEFsaloC/y/trD2oRYTP4ChBxKxy/JMb19f+mvpaz8Cu7RN2GJ455u
tm1UfX2IhOw+NpUMiVZN7J36+73LABDVIQ==
-----END EC PRIVATE KEY-----

peer_pub:
-----BEGIN PUBLIC KEY-----
MFkwEwYHKoZIzj0CAQYIKoZIzj0DAQcDQgAEqcT0GIop3XjRgsJcMXzMt/sRKKCj
1eI0wb1LQiakzQ0llQvZav3S7wBe5PAVZnhD/Cxu3wyACmUnw/fUn78kvw==
-----END PUBLIC KEY-----

z:
49:BD:C3:A8:40:88:67:18:C5:FF:21:D1:D1:13:83:B0:B2:7C:AE:39:96:B9:1D:21:D7:67:20:86:39:AA:DA:0E
write message pattern: se
ecdh: b_e_priv.pem, a_s_pub.pem, 6C:9A:94:85:42:71:5C:2F:19:B4:ED:53:F8:61:6B:B1:46:50:C7:F0:E3:92:1A:FD:2A:70:AD:91:EE:E4:1D:39
local_priv:
-----BEGIN EC PRIVATE KEY-----
MHcCAQEEIC0ymNkObF7uBswOuAxaSSoWRgzbs1RnguEd83BfeXpOoAoGCCqGSM49
AwEHoUQDQgAEFsaloC/y/trD2oRYTP4ChBxKxy/JMb19f+mvpaz8Cu7RN2GJ455u
tm1UfX2IhOw+NpUMiVZN7J36+73LABDVIQ==
-----END EC PRIVATE KEY-----

peer_pub:
-----BEGIN PUBLIC KEY-----
MFkwEwYHKoZIzj0CAQYIKoZIzj0DAQcDQgAEV54lzwxtl4K5ovYaVglFOJk68feZ
eLUzFXYX0qLq3yDXCCi6hAygEYbq/MI4n8HnJuVf0Uv2wbq2f38nAzchnw==
-----END PUBLIC KEY-----

z:
6C:9A:94:85:42:71:5C:2F:19:B4:ED:53:F8:61:6B:B1:46:50:C7:F0:E3:92:1A:FD:2A:70:AD:91:EE:E4:1D:39

noise encrypt:
key:
f340522f5ccdc6ba5ad110f04479fbb18f226987fd31006da6fb38b43e63af43
iv:
585584d59be28e4831f1804f
aad:
02df543a4460b9e29b7bf15f8edf68cc422b497e5e13b45d078d0357b12a1756
plaintext:
32303231303332323035323435392e72657370

ciphertext:
7d3498ff0d00fe8e98b9255beebcc50099d734
authtag:
6c2fd8055889782a5bda7b1502fcdcdb
cipherinfo:
6c2fd8055889782a5bda7b1502fcdcdb7d3498ff0d00fe8e98b9255beebcc50099d734
b_msg:
0316c6a5a02ff2fedac3da84584cfe02841c4ac72fc931bd7d7fe9afa5acfc0aee6c2fd8055889782a5bda7b1502fcdcdb7d3498ff0d00fe8e98b9255beebcc50099d734

-----------


a recv msg from b:
read message pattern: e
read message pattern: ee
ecdh: a_e_priv.pem, a_re_pub.pem, 49:BD:C3:A8:40:88:67:18:C5:FF:21:D1:D1:13:83:B0:B2:7C:AE:39:96:B9:1D:21:D7:67:20:86:39:AA:DA:0E
local_priv:
-----BEGIN EC PRIVATE KEY-----
MHcCAQEEIHMsizDYAS7DHfOIY7+Ebq5/mSIhL02YcmQGDLNttf62oAoGCCqGSM49
AwEHoUQDQgAEqcT0GIop3XjRgsJcMXzMt/sRKKCj1eI0wb1LQiakzQ0llQvZav3S
7wBe5PAVZnhD/Cxu3wyACmUnw/fUn78kvw==
-----END EC PRIVATE KEY-----

peer_pub:
-----BEGIN PUBLIC KEY-----
MFkwEwYHKoZIzj0CAQYIKoZIzj0DAQcDQgAEFsaloC/y/trD2oRYTP4ChBxKxy/J
Mb19f+mvpaz8Cu7RN2GJ455utm1UfX2IhOw+NpUMiVZN7J36+73LABDVIQ==
-----END PUBLIC KEY-----

z:
49:BD:C3:A8:40:88:67:18:C5:FF:21:D1:D1:13:83:B0:B2:7C:AE:39:96:B9:1D:21:D7:67:20:86:39:AA:DA:0E
read message pattern: se
ecdh: a_s_priv.pem, a_re_pub.pem, 6C:9A:94:85:42:71:5C:2F:19:B4:ED:53:F8:61:6B:B1:46:50:C7:F0:E3:92:1A:FD:2A:70:AD:91:EE:E4:1D:39
local_priv:
-----BEGIN EC PRIVATE KEY-----
MHcCAQEEIGwB4D0mackh0XL0nn3bBGJac5Eie5m7CJedeqSIQFaqoAoGCCqGSM49
AwEHoUQDQgAEV54lzwxtl4K5ovYaVglFOJk68feZeLUzFXYX0qLq3yDXCCi6hAyg
EYbq/MI4n8HnJuVf0Uv2wbq2f38nAzchnw==
-----END EC PRIVATE KEY-----

peer_pub:
-----BEGIN PUBLIC KEY-----
MFkwEwYHKoZIzj0CAQYIKoZIzj0DAQcDQgAEFsaloC/y/trD2oRYTP4ChBxKxy/J
Mb19f+mvpaz8Cu7RN2GJ455utm1UfX2IhOw+NpUMiVZN7J36+73LABDVIQ==
-----END PUBLIC KEY-----

z:
6C:9A:94:85:42:71:5C:2F:19:B4:ED:53:F8:61:6B:B1:46:50:C7:F0:E3:92:1A:FD:2A:70:AD:91:EE:E4:1D:39

noise decrypt:
key:
f340522f5ccdc6ba5ad110f04479fbb18f226987fd31006da6fb38b43e63af43
iv:
585584d59be28e4831f1804f
aad:
02df543a4460b9e29b7bf15f8edf68cc422b497e5e13b45d078d0357b12a1756
ciphertext:
7d3498ff0d00fe8e98b9255beebcc50099d734
authtag:
6c2fd8055889782a5bda7b1502fcdcdb
cipherinfo:
6c2fd8055889782a5bda7b1502fcdcdb7d3498ff0d00fe8e98b9255beebcc50099d734

plaintext:
32303231303332323035323435392e72657370
a_recv_b_msg:
32303231303332323035323435392e72657370

-----------


a send comm msg to b:

noise encrypt:
key:
8ea8b8cf5a045379f15432ddd6c164710cada4469a1aa7952996c89219973ce6
iv:
8593c076080aad888433e396
aad:
ab7d053dc2ca7abd203539807164db665d4879fa09453ed6995aba70105b32de
plaintext:
66756a69616e207175616e7a686f75203636363636363636363636363636363636363636363636363636363636363636363636

ciphertext:
766a3d0ddc30ff1fe147d6083d2e1f98a4b743df9a935c5d31cadf2f57aa6bb0f9cd2c112d181a74d0d32e54cf4b41c8cfb507
authtag:
45ffd81c3a199ca4e8cbff51e1517f0d
cipherinfo:
45ffd81c3a199ca4e8cbff51e1517f0d766a3d0ddc30ff1fe147d6083d2e1f98a4b743df9a935c5d31cadf2f57aa6bb0f9cd2c112d181a74d0d32e54cf4b41c8cfb507

b recv comm msg from a:

noise decrypt:
key:
8ea8b8cf5a045379f15432ddd6c164710cada4469a1aa7952996c89219973ce6
iv:
8593c076080aad888433e396
aad:
ab7d053dc2ca7abd203539807164db665d4879fa09453ed6995aba70105b32de
ciphertext:
766a3d0ddc30ff1fe147d6083d2e1f98a4b743df9a935c5d31cadf2f57aa6bb0f9cd2c112d181a74d0d32e54cf4b41c8cfb507
authtag:
45ffd81c3a199ca4e8cbff51e1517f0d
cipherinfo:
45ffd81c3a199ca4e8cbff51e1517f0d766a3d0ddc30ff1fe147d6083d2e1f98a4b743df9a935c5d31cadf2f57aa6bb0f9cd2c112d181a74d0d32e54cf4b41c8cfb507

plaintext:
66756a69616e207175616e7a686f75203636363636363636363636363636363636363636363636363636363636363636363636
fujian quanzhou 66666666666666666666666666666666666

-----------


b send comm msg to a:

noise encrypt:
key:
210d1e5b4e690453b0b8cd19aeecc0b35eecbf2fefdd6c73e1fed63a0fccbcdd
iv:
c6d3b7e881d34b7741c991fd
aad:
ab7d053dc2ca7abd203539807164db665d4879fa09453ed6995aba70105b32de
plaintext:
616e687569206865666569203636363636363636363636363636363636363636363636363636363636363636363636

ciphertext:
24a1c796bc4bf76ea4a35dc31ad51050d7e808371e8fa8a340990e414a0f36d94a5b68b59a622ca67411ec7126dd15
authtag:
d1bd401c83c398dc42b28724d6960259
cipherinfo:
d1bd401c83c398dc42b28724d696025924a1c796bc4bf76ea4a35dc31ad51050d7e808371e8fa8a340990e414a0f36d94a5b68b59a622ca67411ec7126dd15

a recv comm msg from b:

noise decrypt:
key:
210d1e5b4e690453b0b8cd19aeecc0b35eecbf2fefdd6c73e1fed63a0fccbcdd
iv:
c6d3b7e881d34b7741c991fd
aad:
ab7d053dc2ca7abd203539807164db665d4879fa09453ed6995aba70105b32de
ciphertext:
24a1c796bc4bf76ea4a35dc31ad51050d7e808371e8fa8a340990e414a0f36d94a5b68b59a622ca67411ec7126dd15
authtag:
d1bd401c83c398dc42b28724d6960259
cipherinfo:
d1bd401c83c398dc42b28724d696025924a1c796bc4bf76ea4a35dc31ad51050d7e808371e8fa8a340990e414a0f36d94a5b68b59a622ca67411ec7126dd15

plaintext:
616e687569206865666569203636363636363636363636363636363636363636363636363636363636363636363636
anhui hefei 66666666666666666666666666666666666

-----------

test ik

init a_hs:
a send msg to b:
write message pattern: e
write message pattern: es
ecdh: a_e_priv.pem, b_s_pub.pem, C8:21:DE:03:CE:4E:87:65:6F:0D:6D:D0:2A:5C:AB:BA:DF:16:B2:F2:DA:F6:55:1F:53:BA:32:14:4C:EC:E3:C2
local_priv:
-----BEGIN EC PRIVATE KEY-----
MHcCAQEEINEHYzeOZalC2Ps4ko+w/ACPOb1Y7kNjRRvOxengKjdIoAoGCCqGSM49
AwEHoUQDQgAEbFhaNqE35BSDOJagBIE55LbqJuQ78NHA9q3PrfQ8onG31tkox5WQ
tv3rXFmwTE0VVqFnGaHrSbkptGyl7uQDmQ==
-----END EC PRIVATE KEY-----

peer_pub:
-----BEGIN PUBLIC KEY-----
MFkwEwYHKoZIzj0CAQYIKoZIzj0DAQcDQgAES/j2WOIDnOYxo/KPeEGKAE3gYaPd
UOiJZhDDortMd8wSvzONxYPiBXBy8tfcEov0XXo8mQHzXL3i0o+VV8DlYQ==
-----END PUBLIC KEY-----

z:
C8:21:DE:03:CE:4E:87:65:6F:0D:6D:D0:2A:5C:AB:BA:DF:16:B2:F2:DA:F6:55:1F:53:BA:32:14:4C:EC:E3:C2
write message pattern: s

noise encrypt:
key:
335da54606cf92fbaa4e92852ac9e39cb1dac1c3fe341935601af5372a1da224
iv:
12b5674d28a071fb86364c2b
aad:
bd1cf52b5a36519a3916b867e977d095351e5b80d650efdb78223f490bc2ced3
plaintext:
03579e25cf0c6d9782b9a2f61a56094538993af1f79978b533157617d2a2eadf20

ciphertext:
e1a1b03324f5c08e41031a15a159b2cdd8af39b08e0ab675de61f29098f4257592
authtag:
667539c3e55175ac780da35096476553
cipherinfo:
667539c3e55175ac780da35096476553e1a1b03324f5c08e41031a15a159b2cdd8af39b08e0ab675de61f29098f4257592
write message pattern: ss
ecdh: a_s_priv.pem, b_s_pub.pem, 20:A5:30:C4:E5:D8:9F:CC:70:A0:24:4B:C0:8C:86:CA:64:A6:31:CE:7D:D7:52:DA:96:34:FB:9C:5D:AB:2E:CF
local_priv:
-----BEGIN EC PRIVATE KEY-----
MHcCAQEEIGwB4D0mackh0XL0nn3bBGJac5Eie5m7CJedeqSIQFaqoAoGCCqGSM49
AwEHoUQDQgAEV54lzwxtl4K5ovYaVglFOJk68feZeLUzFXYX0qLq3yDXCCi6hAyg
EYbq/MI4n8HnJuVf0Uv2wbq2f38nAzchnw==
-----END EC PRIVATE KEY-----

peer_pub:
-----BEGIN PUBLIC KEY-----
MFkwEwYHKoZIzj0CAQYIKoZIzj0DAQcDQgAES/j2WOIDnOYxo/KPeEGKAE3gYaPd
UOiJZhDDortMd8wSvzONxYPiBXBy8tfcEov0XXo8mQHzXL3i0o+VV8DlYQ==
-----END PUBLIC KEY-----

z:
20:A5:30:C4:E5:D8:9F:CC:70:A0:24:4B:C0:8C:86:CA:64:A6:31:CE:7D:D7:52:DA:96:34:FB:9C:5D:AB:2E:CF

noise encrypt:
key:
8caa0e562b7aa3d239b833d4b279fb8d00d4e415af27049e6eb3e0316499e011
iv:
1da84d4874dac0b2e3902dd0
aad:
d2fe81792446c20a9c846a6cb2039c057f264328d1838e576862c43f00a7fccb
plaintext:
32303231303332323035323435392e696e6974

ciphertext:
6bab8482e650cfa4f8c1f42d50678b0d193a27
authtag:
6e23ed06f62fa856a6496860a421988e
cipherinfo:
6e23ed06f62fa856a6496860a421988e6bab8482e650cfa4f8c1f42d50678b0d193a27
a_msg:
036c585a36a137e414833896a0048139e4b6ea26e43bf0d1c0f6adcfadf43ca271667539c3e55175ac780da35096476553e1a1b03324f5c08e41031a15a159b2cdd8af39b08e0ab675de61f29098f42575926e23ed06f62fa856a6496860a421988e6bab8482e650cfa4f8c1f42d50678b0d193a27

-----------


init b_hs:
b recv msg from a:
read message pattern: e
read message pattern: es
ecdh: b_s_priv.pem, b_re_pub.pem, C8:21:DE:03:CE:4E:87:65:6F:0D:6D:D0:2A:5C:AB:BA:DF:16:B2:F2:DA:F6:55:1F:53:BA:32:14:4C:EC:E3:C2
local_priv:
-----BEGIN EC PRIVATE KEY-----
MHcCAQEEIPm6e/LhSw/HiIjjbKNNjg5HmP76DzSg8MhAN2Zd3R37oAoGCCqGSM49
AwEHoUQDQgAES/j2WOIDnOYxo/KPeEGKAE3gYaPdUOiJZhDDortMd8wSvzONxYPi
BXBy8tfcEov0XXo8mQHzXL3i0o+VV8DlYQ==
-----END EC PRIVATE KEY-----

peer_pub:
-----BEGIN PUBLIC KEY-----
MFkwEwYHKoZIzj0CAQYIKoZIzj0DAQcDQgAEbFhaNqE35BSDOJagBIE55LbqJuQ7
8NHA9q3PrfQ8onG31tkox5WQtv3rXFmwTE0VVqFnGaHrSbkptGyl7uQDmQ==
-----END PUBLIC KEY-----

z:
C8:21:DE:03:CE:4E:87:65:6F:0D:6D:D0:2A:5C:AB:BA:DF:16:B2:F2:DA:F6:55:1F:53:BA:32:14:4C:EC:E3:C2
read message pattern: s

noise decrypt:
key:
335da54606cf92fbaa4e92852ac9e39cb1dac1c3fe341935601af5372a1da224
iv:
12b5674d28a071fb86364c2b
aad:
bd1cf52b5a36519a3916b867e977d095351e5b80d650efdb78223f490bc2ced3
ciphertext:
e1a1b03324f5c08e41031a15a159b2cdd8af39b08e0ab675de61f29098f4257592
authtag:
667539c3e55175ac780da35096476553
cipherinfo:
667539c3e55175ac780da35096476553e1a1b03324f5c08e41031a15a159b2cdd8af39b08e0ab675de61f29098f4257592

plaintext:
03579e25cf0c6d9782b9a2f61a56094538993af1f79978b533157617d2a2eadf20
read message pattern: ss
ecdh: b_s_priv.pem, b_rs_pub.pem, 20:A5:30:C4:E5:D8:9F:CC:70:A0:24:4B:C0:8C:86:CA:64:A6:31:CE:7D:D7:52:DA:96:34:FB:9C:5D:AB:2E:CF
local_priv:
-----BEGIN EC PRIVATE KEY-----
MHcCAQEEIPm6e/LhSw/HiIjjbKNNjg5HmP76DzSg8MhAN2Zd3R37oAoGCCqGSM49
AwEHoUQDQgAES/j2WOIDnOYxo/KPeEGKAE3gYaPdUOiJZhDDortMd8wSvzONxYPi
BXBy8tfcEov0XXo8mQHzXL3i0o+VV8DlYQ==
-----END EC PRIVATE KEY-----

peer_pub:
-----BEGIN PUBLIC KEY-----
MFkwEwYHKoZIzj0CAQYIKoZIzj0DAQcDQgAEV54lzwxtl4K5ovYaVglFOJk68feZ
eLUzFXYX0qLq3yDXCCi6hAygEYbq/MI4n8HnJuVf0Uv2wbq2f38nAzchnw==
-----END PUBLIC KEY-----

z:
20:A5:30:C4:E5:D8:9F:CC:70:A0:24:4B:C0:8C:86:CA:64:A6:31:CE:7D:D7:52:DA:96:34:FB:9C:5D:AB:2E:CF

noise decrypt:
key:
8caa0e562b7aa3d239b833d4b279fb8d00d4e415af27049e6eb3e0316499e011
iv:
1da84d4874dac0b2e3902dd0
aad:
d2fe81792446c20a9c846a6cb2039c057f264328d1838e576862c43f00a7fccb
ciphertext:
6bab8482e650cfa4f8c1f42d50678b0d193a27
authtag:
6e23ed06f62fa856a6496860a421988e
cipherinfo:
6e23ed06f62fa856a6496860a421988e6bab8482e650cfa4f8c1f42d50678b0d193a27

plaintext:
32303231303332323035323435392e696e6974
b_recv_a_msg:
32303231303332323035323435392e696e6974

-----------


b send msg to a:
write message pattern: e
write message pattern: ee
ecdh: b_e_priv.pem, b_re_pub.pem, 8F:17:3A:C4:47:CD:06:86:22:B7:25:12:5A:8C:02:CF:09:D7:D9:43:0C:01:87:78:13:F5:BD:0E:9D:AE:AE:50
local_priv:
-----BEGIN EC PRIVATE KEY-----
MHcCAQEEIODOg9Xnh9AgRx+PwLJ0Q02dkZ7cYVtF2aNiIghDv/vYoAoGCCqGSM49
AwEHoUQDQgAE0sdpIngYytHD8oXyp+HWLtLSWDgS+XVL2/rL/3be6chbA7/chpjU
Yzn5AnO/Ul8FkhlvFcO2HNEPnWhywHvYYg==
-----END EC PRIVATE KEY-----

peer_pub:
-----BEGIN PUBLIC KEY-----
MFkwEwYHKoZIzj0CAQYIKoZIzj0DAQcDQgAEbFhaNqE35BSDOJagBIE55LbqJuQ7
8NHA9q3PrfQ8onG31tkox5WQtv3rXFmwTE0VVqFnGaHrSbkptGyl7uQDmQ==
-----END PUBLIC KEY-----

z:
8F:17:3A:C4:47:CD:06:86:22:B7:25:12:5A:8C:02:CF:09:D7:D9:43:0C:01:87:78:13:F5:BD:0E:9D:AE:AE:50
write message pattern: se
ecdh: b_e_priv.pem, b_rs_pub.pem, 75:93:88:96:3B:75:BA:72:EA:98:6B:6E:BA:C7:3C:CE:C3:AF:63:80:A4:52:B1:2F:FB:FE:88:45:5D:3B:5F:2A
local_priv:
-----BEGIN EC PRIVATE KEY-----
MHcCAQEEIODOg9Xnh9AgRx+PwLJ0Q02dkZ7cYVtF2aNiIghDv/vYoAoGCCqGSM49
AwEHoUQDQgAE0sdpIngYytHD8oXyp+HWLtLSWDgS+XVL2/rL/3be6chbA7/chpjU
Yzn5AnO/Ul8FkhlvFcO2HNEPnWhywHvYYg==
-----END EC PRIVATE KEY-----

peer_pub:
-----BEGIN PUBLIC KEY-----
MFkwEwYHKoZIzj0CAQYIKoZIzj0DAQcDQgAEV54lzwxtl4K5ovYaVglFOJk68feZ
eLUzFXYX0qLq3yDXCCi6hAygEYbq/MI4n8HnJuVf0Uv2wbq2f38nAzchnw==
-----END PUBLIC KEY-----

z:
75:93:88:96:3B:75:BA:72:EA:98:6B:6E:BA:C7:3C:CE:C3:AF:63:80:A4:52:B1:2F:FB:FE:88:45:5D:3B:5F:2A

noise encrypt:
key:
1c33c7beca7ec64e241a4591694199b4f79e7f6e86b7a5a47a3affb323fd9c71
iv:
c382c295d3ab2041a94c7b1a
aad:
853464025e8ac3e6e6c6ee9de7e40ce10d03063255b60e70a3592e01d5725cee
plaintext:
32303231303332323035323435392e72657370

ciphertext:
8a9104cb750dc9711db7d7d7df2e629d273f27
authtag:
4488741636ebc3a994aefffbf32786b4
cipherinfo:
4488741636ebc3a994aefffbf32786b48a9104cb750dc9711db7d7d7df2e629d273f27
b_msg:
02d2c769227818cad1c3f285f2a7e1d62ed2d2583812f9754bdbfacbff76dee9c84488741636ebc3a994aefffbf32786b48a9104cb750dc9711db7d7d7df2e629d273f27

-----------


a recv msg from b:
read message pattern: e
read message pattern: ee
ecdh: a_e_priv.pem, a_re_pub.pem, 8F:17:3A:C4:47:CD:06:86:22:B7:25:12:5A:8C:02:CF:09:D7:D9:43:0C:01:87:78:13:F5:BD:0E:9D:AE:AE:50
local_priv:
-----BEGIN EC PRIVATE KEY-----
MHcCAQEEINEHYzeOZalC2Ps4ko+w/ACPOb1Y7kNjRRvOxengKjdIoAoGCCqGSM49
AwEHoUQDQgAEbFhaNqE35BSDOJagBIE55LbqJuQ78NHA9q3PrfQ8onG31tkox5WQ
tv3rXFmwTE0VVqFnGaHrSbkptGyl7uQDmQ==
-----END EC PRIVATE KEY-----

peer_pub:
-----BEGIN PUBLIC KEY-----
MFkwEwYHKoZIzj0CAQYIKoZIzj0DAQcDQgAE0sdpIngYytHD8oXyp+HWLtLSWDgS
+XVL2/rL/3be6chbA7/chpjUYzn5AnO/Ul8FkhlvFcO2HNEPnWhywHvYYg==
-----END PUBLIC KEY-----

z:
8F:17:3A:C4:47:CD:06:86:22:B7:25:12:5A:8C:02:CF:09:D7:D9:43:0C:01:87:78:13:F5:BD:0E:9D:AE:AE:50
read message pattern: se
ecdh: a_s_priv.pem, a_re_pub.pem, 75:93:88:96:3B:75:BA:72:EA:98:6B:6E:BA:C7:3C:CE:C3:AF:63:80:A4:52:B1:2F:FB:FE:88:45:5D:3B:5F:2A
local_priv:
-----BEGIN EC PRIVATE KEY-----
MHcCAQEEIGwB4D0mackh0XL0nn3bBGJac5Eie5m7CJedeqSIQFaqoAoGCCqGSM49
AwEHoUQDQgAEV54lzwxtl4K5ovYaVglFOJk68feZeLUzFXYX0qLq3yDXCCi6hAyg
EYbq/MI4n8HnJuVf0Uv2wbq2f38nAzchnw==
-----END EC PRIVATE KEY-----

peer_pub:
-----BEGIN PUBLIC KEY-----
MFkwEwYHKoZIzj0CAQYIKoZIzj0DAQcDQgAE0sdpIngYytHD8oXyp+HWLtLSWDgS
+XVL2/rL/3be6chbA7/chpjUYzn5AnO/Ul8FkhlvFcO2HNEPnWhywHvYYg==
-----END PUBLIC KEY-----

z:
75:93:88:96:3B:75:BA:72:EA:98:6B:6E:BA:C7:3C:CE:C3:AF:63:80:A4:52:B1:2F:FB:FE:88:45:5D:3B:5F:2A

noise decrypt:
key:
1c33c7beca7ec64e241a4591694199b4f79e7f6e86b7a5a47a3affb323fd9c71
iv:
c382c295d3ab2041a94c7b1a
aad:
853464025e8ac3e6e6c6ee9de7e40ce10d03063255b60e70a3592e01d5725cee
ciphertext:
8a9104cb750dc9711db7d7d7df2e629d273f27
authtag:
4488741636ebc3a994aefffbf32786b4
cipherinfo:
4488741636ebc3a994aefffbf32786b48a9104cb750dc9711db7d7d7df2e629d273f27

plaintext:
32303231303332323035323435392e72657370
a_recv_b_msg:
32303231303332323035323435392e72657370

-----------


a send comm msg to b:

noise encrypt:
key:
0f569fc13fa8d82eac76c76aefb163605712c0ff91603d56f85782cb329c739b
iv:
dd3ef52c21a967355f1aebfd
aad:
816b7ed6981110b3d98c498ea5fbace5f19f2633933c5139c48fb4c21de5e955
plaintext:
66756a69616e207175616e7a686f75203636363636363636363636363636363636363636363636363636363636363636363636

ciphertext:
1dcfadabd49593269233ff5f853748f210bbeee18e0fcb755f6d3fea149538a24f5eda0955e2180d0fcc870db3c1c55897d097
authtag:
196384c7ea3eaa5621449bd6f11ce747
cipherinfo:
196384c7ea3eaa5621449bd6f11ce7471dcfadabd49593269233ff5f853748f210bbeee18e0fcb755f6d3fea149538a24f5eda0955e2180d0fcc870db3c1c55897d097

b recv comm msg from a:

noise decrypt:
key:
0f569fc13fa8d82eac76c76aefb163605712c0ff91603d56f85782cb329c739b
iv:
dd3ef52c21a967355f1aebfd
aad:
816b7ed6981110b3d98c498ea5fbace5f19f2633933c5139c48fb4c21de5e955
ciphertext:
1dcfadabd49593269233ff5f853748f210bbeee18e0fcb755f6d3fea149538a24f5eda0955e2180d0fcc870db3c1c55897d097
authtag:
196384c7ea3eaa5621449bd6f11ce747
cipherinfo:
196384c7ea3eaa5621449bd6f11ce7471dcfadabd49593269233ff5f853748f210bbeee18e0fcb755f6d3fea149538a24f5eda0955e2180d0fcc870db3c1c55897d097

plaintext:
66756a69616e207175616e7a686f75203636363636363636363636363636363636363636363636363636363636363636363636
fujian quanzhou 66666666666666666666666666666666666

-----------


b send comm msg to a:

noise encrypt:
key:
9ad64a6834c1ee6580bc8b98df72fafbe316076d273d35919738fca58edcc1e6
iv:
7c8e3c8e1777041b81302a46
aad:
816b7ed6981110b3d98c498ea5fbace5f19f2633933c5139c48fb4c21de5e955
plaintext:
616e687569206865666569203636363636363636363636363636363636363636363636363636363636363636363636

ciphertext:
1fc6c7ab811ca51283cb505e714f0ac239578256cd7e64e926684ef63d942c5395d84d136bcbe2e1337af33bca1581
authtag:
a6c1751ab73a85692da1df7d6b6c094d
cipherinfo:
a6c1751ab73a85692da1df7d6b6c094d1fc6c7ab811ca51283cb505e714f0ac239578256cd7e64e926684ef63d942c5395d84d136bcbe2e1337af33bca1581

a recv comm msg from b:

noise decrypt:
key:
9ad64a6834c1ee6580bc8b98df72fafbe316076d273d35919738fca58edcc1e6
iv:
7c8e3c8e1777041b81302a46
aad:
816b7ed6981110b3d98c498ea5fbace5f19f2633933c5139c48fb4c21de5e955
ciphertext:
1fc6c7ab811ca51283cb505e714f0ac239578256cd7e64e926684ef63d942c5395d84d136bcbe2e1337af33bca1581
authtag:
a6c1751ab73a85692da1df7d6b6c094d
cipherinfo:
a6c1751ab73a85692da1df7d6b6c094d1fc6c7ab811ca51283cb505e714f0ac239578256cd7e64e926684ef63d942c5395d84d136bcbe2e1337af33bca1581

plaintext:
616e687569206865666569203636363636363636363636363636363636363636363636363636363636363636363636
anhui hefei 66666666666666666666666666666666666

-----------

